{
  "stats": {
    "suites": 12,
    "tests": 41,
    "passes": 0,
    "pending": 0,
    "failures": 41,
    "start": "2022-04-20T17:47:20.091Z",
    "end": "2022-04-20T17:50:18.380Z",
    "duration": 178289,
    "testsRegistered": 41,
    "passPercent": 0,
    "pendingPercent": 0,
    "other": 0,
    "hasOther": false,
    "skipped": 0,
    "hasSkipped": false
  },
  "results": [
    {
      "uuid": "47845b0c-2770-47ac-9d6f-5cc0ebb8d940",
      "title": "",
      "fullFile": "cypress/integration/project.spec.js",
      "file": "cypress/integration/project.spec.js",
      "beforeHooks": [],
      "afterHooks": [],
      "tests": [],
      "suites": [
        {
          "uuid": "c90cdbc1-e54e-47f3-9dd5-6ee7e6703d45",
          "title": "1 - Adicione à página o título \"Paleta de Cores\".",
          "fullFile": "",
          "file": "",
          "beforeHooks": [],
          "afterHooks": [],
          "tests": [
            {
              "title": "Verifica se contém um elemento `h1` com o id `title` com o título correto",
              "fullTitle": "1 - Adicione à página o título \"Paleta de Cores\". Verifica se contém um elemento `h1` com o id `title` com o título correto",
              "timedOut": null,
              "duration": 4357,
              "state": "failed",
              "speed": null,
              "pass": false,
              "fail": true,
              "pending": false,
              "context": null,
              "code": "cy.get('h1#title').should('contain.text', 'Paleta de Cores');",
              "err": {
                "message": "CypressError: Timed out retrying: Expected to find element: 'h1#title', but never found it.",
                "estack": "CypressError: Timed out retrying: Expected to find element: 'h1#title', but never found it.\n    at cypressErr (http://localhost:41135/__cypress/runner/cypress_runner.js:149934:9)\n    at throwErr (http://localhost:41135/__cypress/runner/cypress_runner.js:149867:11)\n    at Object.throwErrByPath (http://localhost:41135/__cypress/runner/cypress_runner.js:149915:3)\n    at retry (http://localhost:41135/__cypress/runner/cypress_runner.js:144197:19)\n    at onFailFn (http://localhost:41135/__cypress/runner/cypress_runner.js:132448:16)\n    at tryCatcher (http://localhost:41135/__cypress/runner/cypress_runner.js:167415:23)\n    at Promise._settlePromiseFromHandler (http://localhost:41135/__cypress/runner/cypress_runner.js:165351:31)\n    at Promise._settlePromise (http://localhost:41135/__cypress/runner/cypress_runner.js:165408:18)\n    at Promise._settlePromise0 (http://localhost:41135/__cypress/runner/cypress_runner.js:165453:10)\n    at Promise._settlePromises (http://localhost:41135/__cypress/runner/cypress_runner.js:165528:18)\n    at Async../node_modules/bluebird/js/release/async.js.Async._drainQueue (http://localhost:41135/__cypress/runner/cypress_runner.js:162140:16)\n    at Async../node_modules/bluebird/js/release/async.js.Async._drainQueues (http://localhost:41135/__cypress/runner/cypress_runner.js:162150:10)\n    at Async.drainQueues (http://localhost:41135/__cypress/runner/cypress_runner.js:162024:14)",
                "diff": null
              },
              "uuid": "5a1ded43-6f59-4943-8036-8f3bf2bd9b7f",
              "parentUUID": "c90cdbc1-e54e-47f3-9dd5-6ee7e6703d45",
              "isHook": false,
              "skipped": false
            }
          ],
          "suites": [],
          "passes": [],
          "failures": [
            "5a1ded43-6f59-4943-8036-8f3bf2bd9b7f"
          ],
          "pending": [],
          "skipped": [],
          "duration": 4357,
          "root": false,
          "rootEmpty": false,
          "_timeout": 2000
        },
        {
          "uuid": "8f16f65d-e623-4b74-8a75-1fcc08f14795",
          "title": "2 - Adicione à página uma paleta de quatro cores distintas.",
          "fullFile": "",
          "file": "",
          "beforeHooks": [],
          "afterHooks": [],
          "tests": [
            {
              "title": "A paleta de cores deve ser um elemento com `id` denominado `color-palette` e ter mais de 0px de altura e de largura.",
              "fullTitle": "2 - Adicione à página uma paleta de quatro cores distintas. A paleta de cores deve ser um elemento com `id` denominado `color-palette` e ter mais de 0px de altura e de largura.",
              "timedOut": null,
              "duration": 4266,
              "state": "failed",
              "speed": null,
              "pass": false,
              "fail": true,
              "pending": false,
              "context": null,
              "code": "cy.get('#color-palette').should('be.visible');\ncy.get('#color-palette').children('.color');",
              "err": {
                "message": "CypressError: Timed out retrying: Expected to find element: '#color-palette', but never found it.",
                "estack": "CypressError: Timed out retrying: Expected to find element: '#color-palette', but never found it.\n    at cypressErr (http://localhost:41135/__cypress/runner/cypress_runner.js:149934:9)\n    at throwErr (http://localhost:41135/__cypress/runner/cypress_runner.js:149867:11)\n    at Object.throwErrByPath (http://localhost:41135/__cypress/runner/cypress_runner.js:149915:3)\n    at retry (http://localhost:41135/__cypress/runner/cypress_runner.js:144197:19)\n    at onFailFn (http://localhost:41135/__cypress/runner/cypress_runner.js:132448:16)\n    at tryCatcher (http://localhost:41135/__cypress/runner/cypress_runner.js:167415:23)\n    at Promise._settlePromiseFromHandler (http://localhost:41135/__cypress/runner/cypress_runner.js:165351:31)\n    at Promise._settlePromise (http://localhost:41135/__cypress/runner/cypress_runner.js:165408:18)\n    at Promise._settlePromise0 (http://localhost:41135/__cypress/runner/cypress_runner.js:165453:10)\n    at Promise._settlePromises (http://localhost:41135/__cypress/runner/cypress_runner.js:165528:18)\n    at Async../node_modules/bluebird/js/release/async.js.Async._drainQueue (http://localhost:41135/__cypress/runner/cypress_runner.js:162140:16)\n    at Async../node_modules/bluebird/js/release/async.js.Async._drainQueues (http://localhost:41135/__cypress/runner/cypress_runner.js:162150:10)\n    at Async.drainQueues (http://localhost:41135/__cypress/runner/cypress_runner.js:162024:14)",
                "diff": null
              },
              "uuid": "5b732877-ceb6-47f5-b74a-0a97060c8885",
              "parentUUID": "8f16f65d-e623-4b74-8a75-1fcc08f14795",
              "isHook": false,
              "skipped": false
            },
            {
              "title": "Verifica se cada cor individual da paleta de cores possui a `classe` chamada `color`.",
              "fullTitle": "2 - Adicione à página uma paleta de quatro cores distintas. Verifica se cada cor individual da paleta de cores possui a `classe` chamada `color`.",
              "timedOut": null,
              "duration": 4264,
              "state": "failed",
              "speed": null,
              "pass": false,
              "fail": true,
              "pending": false,
              "context": null,
              "code": "cy.get('.color').should('have.length', 4).then(function (colors) {\n  for (var i = 0; i < colors.length; i++) {\n    cy.wrap(colors[i]).should('be.visible');\n  }\n});",
              "err": {
                "message": "CypressError: Timed out retrying: Expected to find element: '.color', but never found it.",
                "estack": "CypressError: Timed out retrying: Expected to find element: '.color', but never found it.\n    at cypressErr (http://localhost:41135/__cypress/runner/cypress_runner.js:149934:9)\n    at throwErr (http://localhost:41135/__cypress/runner/cypress_runner.js:149867:11)\n    at Object.throwErrByPath (http://localhost:41135/__cypress/runner/cypress_runner.js:149915:3)\n    at retry (http://localhost:41135/__cypress/runner/cypress_runner.js:144197:19)\n    at onFailFn (http://localhost:41135/__cypress/runner/cypress_runner.js:132448:16)\n    at tryCatcher (http://localhost:41135/__cypress/runner/cypress_runner.js:167415:23)\n    at Promise._settlePromiseFromHandler (http://localhost:41135/__cypress/runner/cypress_runner.js:165351:31)\n    at Promise._settlePromise (http://localhost:41135/__cypress/runner/cypress_runner.js:165408:18)\n    at Promise._settlePromise0 (http://localhost:41135/__cypress/runner/cypress_runner.js:165453:10)\n    at Promise._settlePromises (http://localhost:41135/__cypress/runner/cypress_runner.js:165528:18)\n    at Async../node_modules/bluebird/js/release/async.js.Async._drainQueue (http://localhost:41135/__cypress/runner/cypress_runner.js:162140:16)\n    at Async../node_modules/bluebird/js/release/async.js.Async._drainQueues (http://localhost:41135/__cypress/runner/cypress_runner.js:162150:10)\n    at Async.drainQueues (http://localhost:41135/__cypress/runner/cypress_runner.js:162024:14)",
                "diff": null
              },
              "uuid": "f2caa9c8-fe35-4280-9ff6-d37645b7be4f",
              "parentUUID": "8f16f65d-e623-4b74-8a75-1fcc08f14795",
              "isHook": false,
              "skipped": false
            },
            {
              "title": "Verifica se a cor de fundo de cada elemento da paleta é a cor que o elemento representa. **A única cor não permitida na paleta é a cor branca.**",
              "fullTitle": "2 - Adicione à página uma paleta de quatro cores distintas. Verifica se a cor de fundo de cada elemento da paleta é a cor que o elemento representa. **A única cor não permitida na paleta é a cor branca.**",
              "timedOut": null,
              "duration": 4257,
              "state": "failed",
              "speed": null,
              "pass": false,
              "fail": true,
              "pending": false,
              "context": null,
              "code": "cy.get('.color').each(function (color) {\n  cy.wrap(color).should('have.class', 'color').and('not.have.css', 'background-color', WHITE);\n  cy.wrap(color).should('have.css', 'background-color');\n});",
              "err": {
                "message": "CypressError: Timed out retrying: Expected to find element: '.color', but never found it.",
                "estack": "CypressError: Timed out retrying: Expected to find element: '.color', but never found it.\n    at cypressErr (http://localhost:41135/__cypress/runner/cypress_runner.js:149934:9)\n    at throwErr (http://localhost:41135/__cypress/runner/cypress_runner.js:149867:11)\n    at Object.throwErrByPath (http://localhost:41135/__cypress/runner/cypress_runner.js:149915:3)\n    at retry (http://localhost:41135/__cypress/runner/cypress_runner.js:144197:19)\n    at onFailFn (http://localhost:41135/__cypress/runner/cypress_runner.js:132448:16)\n    at tryCatcher (http://localhost:41135/__cypress/runner/cypress_runner.js:167415:23)\n    at Promise._settlePromiseFromHandler (http://localhost:41135/__cypress/runner/cypress_runner.js:165351:31)\n    at Promise._settlePromise (http://localhost:41135/__cypress/runner/cypress_runner.js:165408:18)\n    at Promise._settlePromise0 (http://localhost:41135/__cypress/runner/cypress_runner.js:165453:10)\n    at Promise._settlePromises (http://localhost:41135/__cypress/runner/cypress_runner.js:165528:18)\n    at Async../node_modules/bluebird/js/release/async.js.Async._drainQueue (http://localhost:41135/__cypress/runner/cypress_runner.js:162140:16)\n    at Async../node_modules/bluebird/js/release/async.js.Async._drainQueues (http://localhost:41135/__cypress/runner/cypress_runner.js:162150:10)\n    at Async.drainQueues (http://localhost:41135/__cypress/runner/cypress_runner.js:162024:14)",
                "diff": null
              },
              "uuid": "308badf5-0ec8-4458-9e39-5b6570d422fb",
              "parentUUID": "8f16f65d-e623-4b74-8a75-1fcc08f14795",
              "isHook": false,
              "skipped": false
            },
            {
              "title": "Verifica se cada elemento da paleta de cores tem uma borda preta, sólida e com 1 pixel de largura;",
              "fullTitle": "2 - Adicione à página uma paleta de quatro cores distintas. Verifica se cada elemento da paleta de cores tem uma borda preta, sólida e com 1 pixel de largura;",
              "timedOut": null,
              "duration": 4313,
              "state": "failed",
              "speed": null,
              "pass": false,
              "fail": true,
              "pending": false,
              "context": null,
              "code": "cy.get('.color').each(function (color) {\n  cy.wrap(color).and('have.css', 'border', \"1px solid \".concat(BLACK)).and('have.class', 'color');\n});",
              "err": {
                "message": "CypressError: Timed out retrying: Expected to find element: '.color', but never found it.",
                "estack": "CypressError: Timed out retrying: Expected to find element: '.color', but never found it.\n    at cypressErr (http://localhost:41135/__cypress/runner/cypress_runner.js:149934:9)\n    at throwErr (http://localhost:41135/__cypress/runner/cypress_runner.js:149867:11)\n    at Object.throwErrByPath (http://localhost:41135/__cypress/runner/cypress_runner.js:149915:3)\n    at retry (http://localhost:41135/__cypress/runner/cypress_runner.js:144197:19)\n    at onFailFn (http://localhost:41135/__cypress/runner/cypress_runner.js:132448:16)\n    at tryCatcher (http://localhost:41135/__cypress/runner/cypress_runner.js:167415:23)\n    at Promise._settlePromiseFromHandler (http://localhost:41135/__cypress/runner/cypress_runner.js:165351:31)\n    at Promise._settlePromise (http://localhost:41135/__cypress/runner/cypress_runner.js:165408:18)\n    at Promise._settlePromise0 (http://localhost:41135/__cypress/runner/cypress_runner.js:165453:10)\n    at Promise._settlePromises (http://localhost:41135/__cypress/runner/cypress_runner.js:165528:18)\n    at Async../node_modules/bluebird/js/release/async.js.Async._drainQueue (http://localhost:41135/__cypress/runner/cypress_runner.js:162140:16)\n    at Async../node_modules/bluebird/js/release/async.js.Async._drainQueues (http://localhost:41135/__cypress/runner/cypress_runner.js:162150:10)\n    at Async.drainQueues (http://localhost:41135/__cypress/runner/cypress_runner.js:162024:14)",
                "diff": null
              },
              "uuid": "828c16e3-1575-49d5-ba20-6dc401e04e7b",
              "parentUUID": "8f16f65d-e623-4b74-8a75-1fcc08f14795",
              "isHook": false,
              "skipped": false
            },
            {
              "title": "Verifica se a paleta lista todas as cores disponíveis para utilização, lado a lado.",
              "fullTitle": "2 - Adicione à página uma paleta de quatro cores distintas. Verifica se a paleta lista todas as cores disponíveis para utilização, lado a lado.",
              "timedOut": null,
              "duration": 4294,
              "state": "failed",
              "speed": null,
              "pass": false,
              "fail": true,
              "pending": false,
              "context": null,
              "code": "cy.get('.color').then(function (colors) {\n  for (var index = 1; index < colors.length; index += 1) {\n    var currentColor = colors[index];\n    var previousColor = colors[index - 1];\n    cy.wrap(currentColor).should('be.onTheRightOf', previousColor).and('be.horizontallyAlignedWith', previousColor);\n  }\n});",
              "err": {
                "message": "CypressError: Timed out retrying: Expected to find element: '.color', but never found it.",
                "estack": "CypressError: Timed out retrying: Expected to find element: '.color', but never found it.\n    at cypressErr (http://localhost:41135/__cypress/runner/cypress_runner.js:149934:9)\n    at throwErr (http://localhost:41135/__cypress/runner/cypress_runner.js:149867:11)\n    at Object.throwErrByPath (http://localhost:41135/__cypress/runner/cypress_runner.js:149915:3)\n    at retry (http://localhost:41135/__cypress/runner/cypress_runner.js:144197:19)\n    at onFailFn (http://localhost:41135/__cypress/runner/cypress_runner.js:132448:16)\n    at tryCatcher (http://localhost:41135/__cypress/runner/cypress_runner.js:167415:23)\n    at Promise._settlePromiseFromHandler (http://localhost:41135/__cypress/runner/cypress_runner.js:165351:31)\n    at Promise._settlePromise (http://localhost:41135/__cypress/runner/cypress_runner.js:165408:18)\n    at Promise._settlePromise0 (http://localhost:41135/__cypress/runner/cypress_runner.js:165453:10)\n    at Promise._settlePromises (http://localhost:41135/__cypress/runner/cypress_runner.js:165528:18)\n    at Async../node_modules/bluebird/js/release/async.js.Async._drainQueue (http://localhost:41135/__cypress/runner/cypress_runner.js:162140:16)\n    at Async../node_modules/bluebird/js/release/async.js.Async._drainQueues (http://localhost:41135/__cypress/runner/cypress_runner.js:162150:10)\n    at Async.drainQueues (http://localhost:41135/__cypress/runner/cypress_runner.js:162024:14)",
                "diff": null
              },
              "uuid": "71edbb6e-657d-4528-81a2-e34ed94b2967",
              "parentUUID": "8f16f65d-e623-4b74-8a75-1fcc08f14795",
              "isHook": false,
              "skipped": false
            },
            {
              "title": "Verifica se a paleta de cores está posicionada abaixo do título 'Paleta de Cores'",
              "fullTitle": "2 - Adicione à página uma paleta de quatro cores distintas. Verifica se a paleta de cores está posicionada abaixo do título 'Paleta de Cores'",
              "timedOut": null,
              "duration": 4289,
              "state": "failed",
              "speed": null,
              "pass": false,
              "fail": true,
              "pending": false,
              "context": null,
              "code": "cy.get('h1#title').then(function (title) {\n  cy.get('#color-palette').should('be.belowOf', title);\n});",
              "err": {
                "message": "CypressError: Timed out retrying: Expected to find element: 'h1#title', but never found it.",
                "estack": "CypressError: Timed out retrying: Expected to find element: 'h1#title', but never found it.\n    at cypressErr (http://localhost:41135/__cypress/runner/cypress_runner.js:149934:9)\n    at throwErr (http://localhost:41135/__cypress/runner/cypress_runner.js:149867:11)\n    at Object.throwErrByPath (http://localhost:41135/__cypress/runner/cypress_runner.js:149915:3)\n    at retry (http://localhost:41135/__cypress/runner/cypress_runner.js:144197:19)\n    at onFailFn (http://localhost:41135/__cypress/runner/cypress_runner.js:132448:16)\n    at tryCatcher (http://localhost:41135/__cypress/runner/cypress_runner.js:167415:23)\n    at Promise._settlePromiseFromHandler (http://localhost:41135/__cypress/runner/cypress_runner.js:165351:31)\n    at Promise._settlePromise (http://localhost:41135/__cypress/runner/cypress_runner.js:165408:18)\n    at Promise._settlePromise0 (http://localhost:41135/__cypress/runner/cypress_runner.js:165453:10)\n    at Promise._settlePromises (http://localhost:41135/__cypress/runner/cypress_runner.js:165528:18)\n    at Async../node_modules/bluebird/js/release/async.js.Async._drainQueue (http://localhost:41135/__cypress/runner/cypress_runner.js:162140:16)\n    at Async../node_modules/bluebird/js/release/async.js.Async._drainQueues (http://localhost:41135/__cypress/runner/cypress_runner.js:162150:10)\n    at Async.drainQueues (http://localhost:41135/__cypress/runner/cypress_runner.js:162024:14)",
                "diff": null
              },
              "uuid": "5b3ef406-ff4e-4fbc-8670-f57732b37819",
              "parentUUID": "8f16f65d-e623-4b74-8a75-1fcc08f14795",
              "isHook": false,
              "skipped": false
            },
            {
              "title": "Verifica se a paleta de cores não contém cores repetidas.",
              "fullTitle": "2 - Adicione à página uma paleta de quatro cores distintas. Verifica se a paleta de cores não contém cores repetidas.",
              "timedOut": null,
              "duration": 4264,
              "state": "failed",
              "speed": null,
              "pass": false,
              "fail": true,
              "pending": false,
              "context": null,
              "code": "cy.get('.color').then(function (colors) {\n  var allColors = Array.from(colors).map(function (color) {\n    return Cypress.$(color).css('background-color');\n  });\n  cy.log(allColors);\n  var uniqColors = (0, _toConsumableArray2[\"default\"])(new Set(allColors));\n  cy.log(uniqColors);\n  expect(allColors.length).to.eq(uniqColors.length);\n});",
              "err": {
                "message": "CypressError: Timed out retrying: Expected to find element: '.color', but never found it.",
                "estack": "CypressError: Timed out retrying: Expected to find element: '.color', but never found it.\n    at cypressErr (http://localhost:41135/__cypress/runner/cypress_runner.js:149934:9)\n    at throwErr (http://localhost:41135/__cypress/runner/cypress_runner.js:149867:11)\n    at Object.throwErrByPath (http://localhost:41135/__cypress/runner/cypress_runner.js:149915:3)\n    at retry (http://localhost:41135/__cypress/runner/cypress_runner.js:144197:19)\n    at onFailFn (http://localhost:41135/__cypress/runner/cypress_runner.js:132448:16)\n    at tryCatcher (http://localhost:41135/__cypress/runner/cypress_runner.js:167415:23)\n    at Promise._settlePromiseFromHandler (http://localhost:41135/__cypress/runner/cypress_runner.js:165351:31)\n    at Promise._settlePromise (http://localhost:41135/__cypress/runner/cypress_runner.js:165408:18)\n    at Promise._settlePromise0 (http://localhost:41135/__cypress/runner/cypress_runner.js:165453:10)\n    at Promise._settlePromises (http://localhost:41135/__cypress/runner/cypress_runner.js:165528:18)\n    at Async../node_modules/bluebird/js/release/async.js.Async._drainQueue (http://localhost:41135/__cypress/runner/cypress_runner.js:162140:16)\n    at Async../node_modules/bluebird/js/release/async.js.Async._drainQueues (http://localhost:41135/__cypress/runner/cypress_runner.js:162150:10)\n    at Async.drainQueues (http://localhost:41135/__cypress/runner/cypress_runner.js:162024:14)",
                "diff": null
              },
              "uuid": "39ce3198-a0fd-4787-8363-58aa457ff9b1",
              "parentUUID": "8f16f65d-e623-4b74-8a75-1fcc08f14795",
              "isHook": false,
              "skipped": false
            }
          ],
          "suites": [],
          "passes": [],
          "failures": [
            "5b732877-ceb6-47f5-b74a-0a97060c8885",
            "f2caa9c8-fe35-4280-9ff6-d37645b7be4f",
            "308badf5-0ec8-4458-9e39-5b6570d422fb",
            "828c16e3-1575-49d5-ba20-6dc401e04e7b",
            "71edbb6e-657d-4528-81a2-e34ed94b2967",
            "5b3ef406-ff4e-4fbc-8670-f57732b37819",
            "39ce3198-a0fd-4787-8363-58aa457ff9b1"
          ],
          "pending": [],
          "skipped": [],
          "duration": 29947,
          "root": false,
          "rootEmpty": false,
          "_timeout": 2000
        },
        {
          "uuid": "60e41b60-f40e-4f53-a5b9-189f362acd09",
          "title": "3 - Adicione a cor **preta** como a primeira cor da paleta de cores.",
          "fullFile": "",
          "file": "",
          "beforeHooks": [],
          "afterHooks": [],
          "tests": [
            {
              "title": "Verifica se a primeira cor da paleta é preta",
              "fullTitle": "3 - Adicione a cor **preta** como a primeira cor da paleta de cores. Verifica se a primeira cor da paleta é preta",
              "timedOut": null,
              "duration": 4293,
              "state": "failed",
              "speed": null,
              "pass": false,
              "fail": true,
              "pending": false,
              "context": null,
              "code": "cy.get('.color').first().should('have.css', 'background-color', BLACK);",
              "err": {
                "message": "CypressError: Timed out retrying: Expected to find element: '.color', but never found it.",
                "estack": "CypressError: Timed out retrying: Expected to find element: '.color', but never found it.\n    at cypressErr (http://localhost:41135/__cypress/runner/cypress_runner.js:149934:9)\n    at throwErr (http://localhost:41135/__cypress/runner/cypress_runner.js:149867:11)\n    at Object.throwErrByPath (http://localhost:41135/__cypress/runner/cypress_runner.js:149915:3)\n    at retry (http://localhost:41135/__cypress/runner/cypress_runner.js:144197:19)\n    at onFailFn (http://localhost:41135/__cypress/runner/cypress_runner.js:132448:16)\n    at tryCatcher (http://localhost:41135/__cypress/runner/cypress_runner.js:167415:23)\n    at Promise._settlePromiseFromHandler (http://localhost:41135/__cypress/runner/cypress_runner.js:165351:31)\n    at Promise._settlePromise (http://localhost:41135/__cypress/runner/cypress_runner.js:165408:18)\n    at Promise._settlePromise0 (http://localhost:41135/__cypress/runner/cypress_runner.js:165453:10)\n    at Promise._settlePromises (http://localhost:41135/__cypress/runner/cypress_runner.js:165528:18)\n    at Async../node_modules/bluebird/js/release/async.js.Async._drainQueue (http://localhost:41135/__cypress/runner/cypress_runner.js:162140:16)\n    at Async../node_modules/bluebird/js/release/async.js.Async._drainQueues (http://localhost:41135/__cypress/runner/cypress_runner.js:162150:10)\n    at Async.drainQueues (http://localhost:41135/__cypress/runner/cypress_runner.js:162024:14)",
                "diff": null
              },
              "uuid": "f1c76f9a-c40a-4db1-9e1f-283f0d699ebf",
              "parentUUID": "60e41b60-f40e-4f53-a5b9-189f362acd09",
              "isHook": false,
              "skipped": false
            },
            {
              "title": "Verifica se as demais cores podem ser escolhidas livremente.",
              "fullTitle": "3 - Adicione a cor **preta** como a primeira cor da paleta de cores. Verifica se as demais cores podem ser escolhidas livremente.",
              "timedOut": null,
              "duration": 4265,
              "state": "failed",
              "speed": null,
              "pass": false,
              "fail": true,
              "pending": false,
              "context": null,
              "code": "cy.get('.color').eq(1).should('not.have.css', 'background-color', BLACK);\ncy.get('.color').eq(1).should('not.have.css', 'background-color', WHITE);\ncy.get('.color').eq(1).should('not.have.css', 'background-color', 'rgba(0, 0, 0, 0)');\ncy.get('.color').eq(1).should('have.css', 'background-color');\ncy.get('.color').eq(2).should('not.have.css', 'background-color', BLACK);\ncy.get('.color').eq(2).should('not.have.css', 'background-color', WHITE);\ncy.get('.color').eq(2).should('not.have.css', 'background-color', 'rgba(0, 0, 0, 0)');\ncy.get('.color').eq(2).should('have.css', 'background-color');\ncy.get('.color').eq(3).should('not.have.css', 'background-color', BLACK);\ncy.get('.color').eq(3).should('not.have.css', 'background-color', WHITE);\ncy.get('.color').eq(3).should('not.have.css', 'background-color', 'rgba(0, 0, 0, 0)');\ncy.get('.color').eq(3).should('have.css', 'background-color');",
              "err": {
                "message": "CypressError: Timed out retrying: Expected to find element: '.color', but never found it.",
                "estack": "CypressError: Timed out retrying: Expected to find element: '.color', but never found it.\n    at cypressErr (http://localhost:41135/__cypress/runner/cypress_runner.js:149934:9)\n    at throwErr (http://localhost:41135/__cypress/runner/cypress_runner.js:149867:11)\n    at Object.throwErrByPath (http://localhost:41135/__cypress/runner/cypress_runner.js:149915:3)\n    at retry (http://localhost:41135/__cypress/runner/cypress_runner.js:144197:19)\n    at onFailFn (http://localhost:41135/__cypress/runner/cypress_runner.js:132448:16)\n    at tryCatcher (http://localhost:41135/__cypress/runner/cypress_runner.js:167415:23)\n    at Promise._settlePromiseFromHandler (http://localhost:41135/__cypress/runner/cypress_runner.js:165351:31)\n    at Promise._settlePromise (http://localhost:41135/__cypress/runner/cypress_runner.js:165408:18)\n    at Promise._settlePromise0 (http://localhost:41135/__cypress/runner/cypress_runner.js:165453:10)\n    at Promise._settlePromises (http://localhost:41135/__cypress/runner/cypress_runner.js:165528:18)\n    at Async../node_modules/bluebird/js/release/async.js.Async._drainQueue (http://localhost:41135/__cypress/runner/cypress_runner.js:162140:16)\n    at Async../node_modules/bluebird/js/release/async.js.Async._drainQueues (http://localhost:41135/__cypress/runner/cypress_runner.js:162150:10)\n    at Async.drainQueues (http://localhost:41135/__cypress/runner/cypress_runner.js:162024:14)",
                "diff": null
              },
              "uuid": "1b96d33e-4ed9-46af-a713-46e93abacf1f",
              "parentUUID": "60e41b60-f40e-4f53-a5b9-189f362acd09",
              "isHook": false,
              "skipped": false
            }
          ],
          "suites": [],
          "passes": [],
          "failures": [
            "f1c76f9a-c40a-4db1-9e1f-283f0d699ebf",
            "1b96d33e-4ed9-46af-a713-46e93abacf1f"
          ],
          "pending": [],
          "skipped": [],
          "duration": 8558,
          "root": false,
          "rootEmpty": false,
          "_timeout": 2000
        },
        {
          "uuid": "95994a90-5ece-485c-a839-f1add668c95a",
          "title": "4 - Adicione à página um quadro de pixels, com 25 pixels.",
          "fullFile": "",
          "file": "",
          "beforeHooks": [],
          "afterHooks": [],
          "tests": [
            {
              "title": "Verifica se o quadro de pixels possui o `id` denominado `pixel-board`",
              "fullTitle": "4 - Adicione à página um quadro de pixels, com 25 pixels. Verifica se o quadro de pixels possui o `id` denominado `pixel-board`",
              "timedOut": null,
              "duration": 4348,
              "state": "failed",
              "speed": null,
              "pass": false,
              "fail": true,
              "pending": false,
              "context": null,
              "code": "cy.get('#pixel-board').should('be.visible');",
              "err": {
                "message": "CypressError: Timed out retrying: Expected to find element: '#pixel-board', but never found it.",
                "estack": "CypressError: Timed out retrying: Expected to find element: '#pixel-board', but never found it.\n    at cypressErr (http://localhost:41135/__cypress/runner/cypress_runner.js:149934:9)\n    at throwErr (http://localhost:41135/__cypress/runner/cypress_runner.js:149867:11)\n    at Object.throwErrByPath (http://localhost:41135/__cypress/runner/cypress_runner.js:149915:3)\n    at retry (http://localhost:41135/__cypress/runner/cypress_runner.js:144197:19)\n    at onFailFn (http://localhost:41135/__cypress/runner/cypress_runner.js:132448:16)\n    at tryCatcher (http://localhost:41135/__cypress/runner/cypress_runner.js:167415:23)\n    at Promise._settlePromiseFromHandler (http://localhost:41135/__cypress/runner/cypress_runner.js:165351:31)\n    at Promise._settlePromise (http://localhost:41135/__cypress/runner/cypress_runner.js:165408:18)\n    at Promise._settlePromise0 (http://localhost:41135/__cypress/runner/cypress_runner.js:165453:10)\n    at Promise._settlePromises (http://localhost:41135/__cypress/runner/cypress_runner.js:165528:18)\n    at Async../node_modules/bluebird/js/release/async.js.Async._drainQueue (http://localhost:41135/__cypress/runner/cypress_runner.js:162140:16)\n    at Async../node_modules/bluebird/js/release/async.js.Async._drainQueues (http://localhost:41135/__cypress/runner/cypress_runner.js:162150:10)\n    at Async.drainQueues (http://localhost:41135/__cypress/runner/cypress_runner.js:162024:14)",
                "diff": null
              },
              "uuid": "f48072c1-6527-400b-aeb3-acc5313d1a58",
              "parentUUID": "95994a90-5ece-485c-a839-f1add668c95a",
              "isHook": false,
              "skipped": false
            },
            {
              "title": "Verifica se cada pixel individual dentro do quadro possui a `classe` denominada `pixel`.",
              "fullTitle": "4 - Adicione à página um quadro de pixels, com 25 pixels. Verifica se cada pixel individual dentro do quadro possui a `classe` denominada `pixel`.",
              "timedOut": null,
              "duration": 4298,
              "state": "failed",
              "speed": null,
              "pass": false,
              "fail": true,
              "pending": false,
              "context": null,
              "code": "cy.get('.pixel').should('have.length', 25);",
              "err": {
                "message": "CypressError: Timed out retrying: Expected to find element: '.pixel', but never found it.",
                "estack": "CypressError: Timed out retrying: Expected to find element: '.pixel', but never found it.\n    at cypressErr (http://localhost:41135/__cypress/runner/cypress_runner.js:149934:9)\n    at throwErr (http://localhost:41135/__cypress/runner/cypress_runner.js:149867:11)\n    at Object.throwErrByPath (http://localhost:41135/__cypress/runner/cypress_runner.js:149915:3)\n    at retry (http://localhost:41135/__cypress/runner/cypress_runner.js:144197:19)\n    at onFailFn (http://localhost:41135/__cypress/runner/cypress_runner.js:132448:16)\n    at tryCatcher (http://localhost:41135/__cypress/runner/cypress_runner.js:167415:23)\n    at Promise._settlePromiseFromHandler (http://localhost:41135/__cypress/runner/cypress_runner.js:165351:31)\n    at Promise._settlePromise (http://localhost:41135/__cypress/runner/cypress_runner.js:165408:18)\n    at Promise._settlePromise0 (http://localhost:41135/__cypress/runner/cypress_runner.js:165453:10)\n    at Promise._settlePromises (http://localhost:41135/__cypress/runner/cypress_runner.js:165528:18)\n    at Async../node_modules/bluebird/js/release/async.js.Async._drainQueue (http://localhost:41135/__cypress/runner/cypress_runner.js:162140:16)\n    at Async../node_modules/bluebird/js/release/async.js.Async._drainQueues (http://localhost:41135/__cypress/runner/cypress_runner.js:162150:10)\n    at Async.drainQueues (http://localhost:41135/__cypress/runner/cypress_runner.js:162024:14)",
                "diff": null
              },
              "uuid": "3782c54f-9e05-4ce8-a520-13d84a83208b",
              "parentUUID": "95994a90-5ece-485c-a839-f1add668c95a",
              "isHook": false,
              "skipped": false
            },
            {
              "title": "Verifica se a cor inicial dos pixels dentro do quadro, ao abrir a página, é branca.",
              "fullTitle": "4 - Adicione à página um quadro de pixels, com 25 pixels. Verifica se a cor inicial dos pixels dentro do quadro, ao abrir a página, é branca.",
              "timedOut": null,
              "duration": 4344,
              "state": "failed",
              "speed": null,
              "pass": false,
              "fail": true,
              "pending": false,
              "context": null,
              "code": "cy.get('.pixel').should('have.length', 25).each(function (pixel) {\n  expect(pixel).to.have.css('background-color', WHITE);\n});",
              "err": {
                "message": "CypressError: Timed out retrying: Expected to find element: '.pixel', but never found it.",
                "estack": "CypressError: Timed out retrying: Expected to find element: '.pixel', but never found it.\n    at cypressErr (http://localhost:41135/__cypress/runner/cypress_runner.js:149934:9)\n    at throwErr (http://localhost:41135/__cypress/runner/cypress_runner.js:149867:11)\n    at Object.throwErrByPath (http://localhost:41135/__cypress/runner/cypress_runner.js:149915:3)\n    at retry (http://localhost:41135/__cypress/runner/cypress_runner.js:144197:19)\n    at onFailFn (http://localhost:41135/__cypress/runner/cypress_runner.js:132448:16)\n    at tryCatcher (http://localhost:41135/__cypress/runner/cypress_runner.js:167415:23)\n    at Promise._settlePromiseFromHandler (http://localhost:41135/__cypress/runner/cypress_runner.js:165351:31)\n    at Promise._settlePromise (http://localhost:41135/__cypress/runner/cypress_runner.js:165408:18)\n    at Promise._settlePromise0 (http://localhost:41135/__cypress/runner/cypress_runner.js:165453:10)\n    at Promise._settlePromises (http://localhost:41135/__cypress/runner/cypress_runner.js:165528:18)\n    at Async../node_modules/bluebird/js/release/async.js.Async._drainQueue (http://localhost:41135/__cypress/runner/cypress_runner.js:162140:16)\n    at Async../node_modules/bluebird/js/release/async.js.Async._drainQueues (http://localhost:41135/__cypress/runner/cypress_runner.js:162150:10)\n    at Async.drainQueues (http://localhost:41135/__cypress/runner/cypress_runner.js:162024:14)",
                "diff": null
              },
              "uuid": "4ed0f37a-7085-4499-822b-746c63c21c73",
              "parentUUID": "95994a90-5ece-485c-a839-f1add668c95a",
              "isHook": false,
              "skipped": false
            },
            {
              "title": "Verifica se o quadro de pixels aparece abaixo da paleta de cores",
              "fullTitle": "4 - Adicione à página um quadro de pixels, com 25 pixels. Verifica se o quadro de pixels aparece abaixo da paleta de cores",
              "timedOut": null,
              "duration": 4377,
              "state": "failed",
              "speed": null,
              "pass": false,
              "fail": true,
              "pending": false,
              "context": null,
              "code": "cy.get('#color-palette').then(function (palette) {\n  cy.get('#pixel-board').should('be.belowOf', palette);\n});",
              "err": {
                "message": "CypressError: Timed out retrying: Expected to find element: '#color-palette', but never found it.",
                "estack": "CypressError: Timed out retrying: Expected to find element: '#color-palette', but never found it.\n    at cypressErr (http://localhost:41135/__cypress/runner/cypress_runner.js:149934:9)\n    at throwErr (http://localhost:41135/__cypress/runner/cypress_runner.js:149867:11)\n    at Object.throwErrByPath (http://localhost:41135/__cypress/runner/cypress_runner.js:149915:3)\n    at retry (http://localhost:41135/__cypress/runner/cypress_runner.js:144197:19)\n    at onFailFn (http://localhost:41135/__cypress/runner/cypress_runner.js:132448:16)\n    at tryCatcher (http://localhost:41135/__cypress/runner/cypress_runner.js:167415:23)\n    at Promise._settlePromiseFromHandler (http://localhost:41135/__cypress/runner/cypress_runner.js:165351:31)\n    at Promise._settlePromise (http://localhost:41135/__cypress/runner/cypress_runner.js:165408:18)\n    at Promise._settlePromise0 (http://localhost:41135/__cypress/runner/cypress_runner.js:165453:10)\n    at Promise._settlePromises (http://localhost:41135/__cypress/runner/cypress_runner.js:165528:18)\n    at Async../node_modules/bluebird/js/release/async.js.Async._drainQueue (http://localhost:41135/__cypress/runner/cypress_runner.js:162140:16)\n    at Async../node_modules/bluebird/js/release/async.js.Async._drainQueues (http://localhost:41135/__cypress/runner/cypress_runner.js:162150:10)\n    at Async.drainQueues (http://localhost:41135/__cypress/runner/cypress_runner.js:162024:14)",
                "diff": null
              },
              "uuid": "8fd342e3-5aa7-4397-87f7-ef8ddb02e6a5",
              "parentUUID": "95994a90-5ece-485c-a839-f1add668c95a",
              "isHook": false,
              "skipped": false
            }
          ],
          "suites": [],
          "passes": [],
          "failures": [
            "f48072c1-6527-400b-aeb3-acc5313d1a58",
            "3782c54f-9e05-4ce8-a520-13d84a83208b",
            "4ed0f37a-7085-4499-822b-746c63c21c73",
            "8fd342e3-5aa7-4397-87f7-ef8ddb02e6a5"
          ],
          "pending": [],
          "skipped": [],
          "duration": 17367,
          "root": false,
          "rootEmpty": false,
          "_timeout": 2000
        },
        {
          "uuid": "1cc3b26f-56da-4207-af3c-5b90fd9725fb",
          "title": "5 - Faça com que cada elemento do quadro de pixels possua 40 pixels de largura, 40 pixels de altura e seja delimitado por uma borda preta de 1 pixel.",
          "fullFile": "",
          "file": "",
          "beforeHooks": [],
          "afterHooks": [],
          "tests": [
            {
              "title": "Verifica se o quadro de pixels tem altura e comprimento de 5 elementos",
              "fullTitle": "5 - Faça com que cada elemento do quadro de pixels possua 40 pixels de largura, 40 pixels de altura e seja delimitado por uma borda preta de 1 pixel. Verifica se o quadro de pixels tem altura e comprimento de 5 elementos",
              "timedOut": null,
              "duration": 4295,
              "state": "failed",
              "speed": null,
              "pass": false,
              "fail": true,
              "pending": false,
              "context": null,
              "code": "cy.get('.pixel').should('have.length', 25).each(function (pixel) {\n  expect(pixel).to.have.css('background-color', WHITE);\n}).and(function (pixels) {\n  var rows = chunk(pixels, 5);\n  rows.forEach(function (row) {\n    for (var index = 1; index < row.length; index += 1) {\n      var current = pixels[index];\n      var previous = pixels[index - 1];\n      cy.wrap(current).should('be.onTheRightOf', previous).and('be.horizontallyAlignedWith', previous);\n    }\n  });\n  for (var index = 1; index < 5; index += 1) {\n    expect(pixels[index * 5]).to.be.belowOf(pixels[(index - 1) * 5]);\n  }\n});",
              "err": {
                "message": "CypressError: Timed out retrying: Expected to find element: '.pixel', but never found it.",
                "estack": "CypressError: Timed out retrying: Expected to find element: '.pixel', but never found it.\n    at cypressErr (http://localhost:41135/__cypress/runner/cypress_runner.js:149934:9)\n    at throwErr (http://localhost:41135/__cypress/runner/cypress_runner.js:149867:11)\n    at Object.throwErrByPath (http://localhost:41135/__cypress/runner/cypress_runner.js:149915:3)\n    at retry (http://localhost:41135/__cypress/runner/cypress_runner.js:144197:19)\n    at onFailFn (http://localhost:41135/__cypress/runner/cypress_runner.js:132448:16)\n    at tryCatcher (http://localhost:41135/__cypress/runner/cypress_runner.js:167415:23)\n    at Promise._settlePromiseFromHandler (http://localhost:41135/__cypress/runner/cypress_runner.js:165351:31)\n    at Promise._settlePromise (http://localhost:41135/__cypress/runner/cypress_runner.js:165408:18)\n    at Promise._settlePromise0 (http://localhost:41135/__cypress/runner/cypress_runner.js:165453:10)\n    at Promise._settlePromises (http://localhost:41135/__cypress/runner/cypress_runner.js:165528:18)\n    at Async../node_modules/bluebird/js/release/async.js.Async._drainQueue (http://localhost:41135/__cypress/runner/cypress_runner.js:162140:16)\n    at Async../node_modules/bluebird/js/release/async.js.Async._drainQueues (http://localhost:41135/__cypress/runner/cypress_runner.js:162150:10)\n    at Async.drainQueues (http://localhost:41135/__cypress/runner/cypress_runner.js:162024:14)",
                "diff": null
              },
              "uuid": "dc067fd4-6c7e-43a7-a8b4-fdb71c3d7bf7",
              "parentUUID": "1cc3b26f-56da-4207-af3c-5b90fd9725fb",
              "isHook": false,
              "skipped": false
            },
            {
              "title": "Verifica se 40 pixels é o tamanho total do elemento, incluindo seu conteúdo e excluindo a borda preta, que deve ser criada à parte.",
              "fullTitle": "5 - Faça com que cada elemento do quadro de pixels possua 40 pixels de largura, 40 pixels de altura e seja delimitado por uma borda preta de 1 pixel. Verifica se 40 pixels é o tamanho total do elemento, incluindo seu conteúdo e excluindo a borda preta, que deve ser criada à parte.",
              "timedOut": null,
              "duration": 4352,
              "state": "failed",
              "speed": null,
              "pass": false,
              "fail": true,
              "pending": false,
              "context": null,
              "code": "cy.get('.pixel').each(function (pixel) {\n  cy.wrap(pixel).should('have.css', 'height', '40px').and('have.css', 'width', '40px').and('have.css', 'border', \"1px solid \".concat(BLACK));\n});",
              "err": {
                "message": "CypressError: Timed out retrying: Expected to find element: '.pixel', but never found it.",
                "estack": "CypressError: Timed out retrying: Expected to find element: '.pixel', but never found it.\n    at cypressErr (http://localhost:41135/__cypress/runner/cypress_runner.js:149934:9)\n    at throwErr (http://localhost:41135/__cypress/runner/cypress_runner.js:149867:11)\n    at Object.throwErrByPath (http://localhost:41135/__cypress/runner/cypress_runner.js:149915:3)\n    at retry (http://localhost:41135/__cypress/runner/cypress_runner.js:144197:19)\n    at onFailFn (http://localhost:41135/__cypress/runner/cypress_runner.js:132448:16)\n    at tryCatcher (http://localhost:41135/__cypress/runner/cypress_runner.js:167415:23)\n    at Promise._settlePromiseFromHandler (http://localhost:41135/__cypress/runner/cypress_runner.js:165351:31)\n    at Promise._settlePromise (http://localhost:41135/__cypress/runner/cypress_runner.js:165408:18)\n    at Promise._settlePromise0 (http://localhost:41135/__cypress/runner/cypress_runner.js:165453:10)\n    at Promise._settlePromises (http://localhost:41135/__cypress/runner/cypress_runner.js:165528:18)\n    at Async../node_modules/bluebird/js/release/async.js.Async._drainQueue (http://localhost:41135/__cypress/runner/cypress_runner.js:162140:16)\n    at Async../node_modules/bluebird/js/release/async.js.Async._drainQueues (http://localhost:41135/__cypress/runner/cypress_runner.js:162150:10)\n    at Async.drainQueues (http://localhost:41135/__cypress/runner/cypress_runner.js:162024:14)",
                "diff": null
              },
              "uuid": "b49d075e-f199-45b4-87cb-407108bd7c76",
              "parentUUID": "1cc3b26f-56da-4207-af3c-5b90fd9725fb",
              "isHook": false,
              "skipped": false
            }
          ],
          "suites": [],
          "passes": [],
          "failures": [
            "dc067fd4-6c7e-43a7-a8b4-fdb71c3d7bf7",
            "b49d075e-f199-45b4-87cb-407108bd7c76"
          ],
          "pending": [],
          "skipped": [],
          "duration": 8647,
          "root": false,
          "rootEmpty": false,
          "_timeout": 2000
        },
        {
          "uuid": "1957fcec-d58f-4d1c-8dfd-8ca9e348cc82",
          "title": "6 - Defina a cor preta como cor inicial. Ao carregar a página a cor preta já deve estar selecionada para pintar os pixels",
          "fullFile": "",
          "file": "",
          "beforeHooks": [],
          "afterHooks": [],
          "tests": [
            {
              "title": "Verifica se o elemento da cor preta possui, inicialmente, a `classe` `selected`",
              "fullTitle": "6 - Defina a cor preta como cor inicial. Ao carregar a página a cor preta já deve estar selecionada para pintar os pixels Verifica se o elemento da cor preta possui, inicialmente, a `classe` `selected`",
              "timedOut": null,
              "duration": 4334,
              "state": "failed",
              "speed": null,
              "pass": false,
              "fail": true,
              "pending": false,
              "context": null,
              "code": "cy.get('.selected').first().should('have.css', 'background-color', BLACK);",
              "err": {
                "message": "CypressError: Timed out retrying: Expected to find element: '.selected', but never found it.",
                "estack": "CypressError: Timed out retrying: Expected to find element: '.selected', but never found it.\n    at cypressErr (http://localhost:41135/__cypress/runner/cypress_runner.js:149934:9)\n    at throwErr (http://localhost:41135/__cypress/runner/cypress_runner.js:149867:11)\n    at Object.throwErrByPath (http://localhost:41135/__cypress/runner/cypress_runner.js:149915:3)\n    at retry (http://localhost:41135/__cypress/runner/cypress_runner.js:144197:19)\n    at onFailFn (http://localhost:41135/__cypress/runner/cypress_runner.js:132448:16)\n    at tryCatcher (http://localhost:41135/__cypress/runner/cypress_runner.js:167415:23)\n    at Promise._settlePromiseFromHandler (http://localhost:41135/__cypress/runner/cypress_runner.js:165351:31)\n    at Promise._settlePromise (http://localhost:41135/__cypress/runner/cypress_runner.js:165408:18)\n    at Promise._settlePromise0 (http://localhost:41135/__cypress/runner/cypress_runner.js:165453:10)\n    at Promise._settlePromises (http://localhost:41135/__cypress/runner/cypress_runner.js:165528:18)\n    at Async../node_modules/bluebird/js/release/async.js.Async._drainQueue (http://localhost:41135/__cypress/runner/cypress_runner.js:162140:16)\n    at Async../node_modules/bluebird/js/release/async.js.Async._drainQueues (http://localhost:41135/__cypress/runner/cypress_runner.js:162150:10)\n    at Async.drainQueues (http://localhost:41135/__cypress/runner/cypress_runner.js:162024:14)",
                "diff": null
              },
              "uuid": "d227a94a-1f70-49ac-96ca-4e3d7861b487",
              "parentUUID": "1957fcec-d58f-4d1c-8dfd-8ca9e348cc82",
              "isHook": false,
              "skipped": false
            },
            {
              "title": "Verifica se nenhuma outra cor da paleta tem a `classe` `selected`",
              "fullTitle": "6 - Defina a cor preta como cor inicial. Ao carregar a página a cor preta já deve estar selecionada para pintar os pixels Verifica se nenhuma outra cor da paleta tem a `classe` `selected`",
              "timedOut": null,
              "duration": 4332,
              "state": "failed",
              "speed": null,
              "pass": false,
              "fail": true,
              "pending": false,
              "context": null,
              "code": "cy.get('.color:not(:first-child)').each(function (color) {\n  cy.wrap(color).should('not.have.class', 'selected');\n});",
              "err": {
                "message": "CypressError: Timed out retrying: Expected to find element: '.color:not(:first-child)', but never found it.",
                "estack": "CypressError: Timed out retrying: Expected to find element: '.color:not(:first-child)', but never found it.\n    at cypressErr (http://localhost:41135/__cypress/runner/cypress_runner.js:149934:9)\n    at throwErr (http://localhost:41135/__cypress/runner/cypress_runner.js:149867:11)\n    at Object.throwErrByPath (http://localhost:41135/__cypress/runner/cypress_runner.js:149915:3)\n    at retry (http://localhost:41135/__cypress/runner/cypress_runner.js:144197:19)\n    at onFailFn (http://localhost:41135/__cypress/runner/cypress_runner.js:132448:16)\n    at tryCatcher (http://localhost:41135/__cypress/runner/cypress_runner.js:167415:23)\n    at Promise._settlePromiseFromHandler (http://localhost:41135/__cypress/runner/cypress_runner.js:165351:31)\n    at Promise._settlePromise (http://localhost:41135/__cypress/runner/cypress_runner.js:165408:18)\n    at Promise._settlePromise0 (http://localhost:41135/__cypress/runner/cypress_runner.js:165453:10)\n    at Promise._settlePromises (http://localhost:41135/__cypress/runner/cypress_runner.js:165528:18)\n    at Async../node_modules/bluebird/js/release/async.js.Async._drainQueue (http://localhost:41135/__cypress/runner/cypress_runner.js:162140:16)\n    at Async../node_modules/bluebird/js/release/async.js.Async._drainQueues (http://localhost:41135/__cypress/runner/cypress_runner.js:162150:10)\n    at Async.drainQueues (http://localhost:41135/__cypress/runner/cypress_runner.js:162024:14)",
                "diff": null
              },
              "uuid": "01b2d26d-02cd-49ce-924e-f8b908eb2d78",
              "parentUUID": "1957fcec-d58f-4d1c-8dfd-8ca9e348cc82",
              "isHook": false,
              "skipped": false
            }
          ],
          "suites": [],
          "passes": [],
          "failures": [
            "d227a94a-1f70-49ac-96ca-4e3d7861b487",
            "01b2d26d-02cd-49ce-924e-f8b908eb2d78"
          ],
          "pending": [],
          "skipped": [],
          "duration": 8666,
          "root": false,
          "rootEmpty": false,
          "_timeout": 2000
        },
        {
          "uuid": "64015f67-a102-4338-86d9-cd310ac3cceb",
          "title": "7 - Clicar em uma das cores da paleta, faz com que ela seja selecionada e utilizada para preencher os pixels no quadro.",
          "fullFile": "",
          "file": "",
          "beforeHooks": [],
          "afterHooks": [],
          "tests": [
            {
              "title": "Verifica se somente uma cor da paleta de cores tem a classe `selected` de cada vez",
              "fullTitle": "7 - Clicar em uma das cores da paleta, faz com que ela seja selecionada e utilizada para preencher os pixels no quadro. Verifica se somente uma cor da paleta de cores tem a classe `selected` de cada vez",
              "timedOut": null,
              "duration": 4300,
              "state": "failed",
              "speed": null,
              "pass": false,
              "fail": true,
              "pending": false,
              "context": null,
              "code": "cy.get('.color').each(function (selectedColor, selectedColorIndex) {\n  cy.wrap(selectedColor).click();\n  cy.get('.color').each(function (color, colorIndex) {\n    if (colorIndex === selectedColorIndex) {\n      expect(color).to.have[\"class\"]('selected');\n    } else {\n      expect(color).not.to.have[\"class\"]('selected');\n    }\n  });\n});",
              "err": {
                "message": "CypressError: Timed out retrying: Expected to find element: '.color', but never found it.",
                "estack": "CypressError: Timed out retrying: Expected to find element: '.color', but never found it.\n    at cypressErr (http://localhost:41135/__cypress/runner/cypress_runner.js:149934:9)\n    at throwErr (http://localhost:41135/__cypress/runner/cypress_runner.js:149867:11)\n    at Object.throwErrByPath (http://localhost:41135/__cypress/runner/cypress_runner.js:149915:3)\n    at retry (http://localhost:41135/__cypress/runner/cypress_runner.js:144197:19)\n    at onFailFn (http://localhost:41135/__cypress/runner/cypress_runner.js:132448:16)\n    at tryCatcher (http://localhost:41135/__cypress/runner/cypress_runner.js:167415:23)\n    at Promise._settlePromiseFromHandler (http://localhost:41135/__cypress/runner/cypress_runner.js:165351:31)\n    at Promise._settlePromise (http://localhost:41135/__cypress/runner/cypress_runner.js:165408:18)\n    at Promise._settlePromise0 (http://localhost:41135/__cypress/runner/cypress_runner.js:165453:10)\n    at Promise._settlePromises (http://localhost:41135/__cypress/runner/cypress_runner.js:165528:18)\n    at Async../node_modules/bluebird/js/release/async.js.Async._drainQueue (http://localhost:41135/__cypress/runner/cypress_runner.js:162140:16)\n    at Async../node_modules/bluebird/js/release/async.js.Async._drainQueues (http://localhost:41135/__cypress/runner/cypress_runner.js:162150:10)\n    at Async.drainQueues (http://localhost:41135/__cypress/runner/cypress_runner.js:162024:14)",
                "diff": null
              },
              "uuid": "83c0062b-ee7a-4a3a-8dc2-a05704dcd410",
              "parentUUID": "64015f67-a102-4338-86d9-cd310ac3cceb",
              "isHook": false,
              "skipped": false
            },
            {
              "title": "Verifica se os pixels dentro do quadro não têm a classe `selected` quando são clicados",
              "fullTitle": "7 - Clicar em uma das cores da paleta, faz com que ela seja selecionada e utilizada para preencher os pixels no quadro. Verifica se os pixels dentro do quadro não têm a classe `selected` quando são clicados",
              "timedOut": null,
              "duration": 4363,
              "state": "failed",
              "speed": null,
              "pass": false,
              "fail": true,
              "pending": false,
              "context": null,
              "code": "cy.get('.color').each(function (color) {\n  var backgroundColor = color.css('background-color');\n  cy.wrap(color).click();\n  cy.get('.pixel').each(function (pixel) {\n    cy.wrap(pixel).click().should('not.have.class', 'selected');\n  });\n});",
              "err": {
                "message": "CypressError: Timed out retrying: Expected to find element: '.color', but never found it.",
                "estack": "CypressError: Timed out retrying: Expected to find element: '.color', but never found it.\n    at cypressErr (http://localhost:41135/__cypress/runner/cypress_runner.js:149934:9)\n    at throwErr (http://localhost:41135/__cypress/runner/cypress_runner.js:149867:11)\n    at Object.throwErrByPath (http://localhost:41135/__cypress/runner/cypress_runner.js:149915:3)\n    at retry (http://localhost:41135/__cypress/runner/cypress_runner.js:144197:19)\n    at onFailFn (http://localhost:41135/__cypress/runner/cypress_runner.js:132448:16)\n    at tryCatcher (http://localhost:41135/__cypress/runner/cypress_runner.js:167415:23)\n    at Promise._settlePromiseFromHandler (http://localhost:41135/__cypress/runner/cypress_runner.js:165351:31)\n    at Promise._settlePromise (http://localhost:41135/__cypress/runner/cypress_runner.js:165408:18)\n    at Promise._settlePromise0 (http://localhost:41135/__cypress/runner/cypress_runner.js:165453:10)\n    at Promise._settlePromises (http://localhost:41135/__cypress/runner/cypress_runner.js:165528:18)\n    at Async../node_modules/bluebird/js/release/async.js.Async._drainQueue (http://localhost:41135/__cypress/runner/cypress_runner.js:162140:16)\n    at Async../node_modules/bluebird/js/release/async.js.Async._drainQueues (http://localhost:41135/__cypress/runner/cypress_runner.js:162150:10)\n    at Async.drainQueues (http://localhost:41135/__cypress/runner/cypress_runner.js:162024:14)",
                "diff": null
              },
              "uuid": "476bcb83-8ad5-4446-90de-b4d094b36ea2",
              "parentUUID": "64015f67-a102-4338-86d9-cd310ac3cceb",
              "isHook": false,
              "skipped": false
            }
          ],
          "suites": [],
          "passes": [],
          "failures": [
            "83c0062b-ee7a-4a3a-8dc2-a05704dcd410",
            "476bcb83-8ad5-4446-90de-b4d094b36ea2"
          ],
          "pending": [],
          "skipped": [],
          "duration": 8663,
          "root": false,
          "rootEmpty": false,
          "_timeout": 2000
        },
        {
          "uuid": "459b2c87-b2f8-473f-b4fc-9f2fac68ed93",
          "title": "8 - Clicar em um pixel dentro do quadro após selecionar uma cor na paleta, faz com que o pixel seja preenchido com a cor selecionada.",
          "fullFile": "",
          "file": "",
          "beforeHooks": [],
          "afterHooks": [],
          "tests": [
            {
              "title": "Verifica se ao carregar a página deve ser possível pintar os pixels de preto",
              "fullTitle": "8 - Clicar em um pixel dentro do quadro após selecionar uma cor na paleta, faz com que o pixel seja preenchido com a cor selecionada. Verifica se ao carregar a página deve ser possível pintar os pixels de preto",
              "timedOut": null,
              "duration": 4307,
              "state": "failed",
              "speed": null,
              "pass": false,
              "fail": true,
              "pending": false,
              "context": null,
              "code": "cy.get('.pixel').each(function (pixel) {\n  cy.wrap(pixel).click().should('have.css', 'background-color', BLACK);\n});",
              "err": {
                "message": "CypressError: Timed out retrying: Expected to find element: '.pixel', but never found it.",
                "estack": "CypressError: Timed out retrying: Expected to find element: '.pixel', but never found it.\n    at cypressErr (http://localhost:41135/__cypress/runner/cypress_runner.js:149934:9)\n    at throwErr (http://localhost:41135/__cypress/runner/cypress_runner.js:149867:11)\n    at Object.throwErrByPath (http://localhost:41135/__cypress/runner/cypress_runner.js:149915:3)\n    at retry (http://localhost:41135/__cypress/runner/cypress_runner.js:144197:19)\n    at onFailFn (http://localhost:41135/__cypress/runner/cypress_runner.js:132448:16)\n    at tryCatcher (http://localhost:41135/__cypress/runner/cypress_runner.js:167415:23)\n    at Promise._settlePromiseFromHandler (http://localhost:41135/__cypress/runner/cypress_runner.js:165351:31)\n    at Promise._settlePromise (http://localhost:41135/__cypress/runner/cypress_runner.js:165408:18)\n    at Promise._settlePromise0 (http://localhost:41135/__cypress/runner/cypress_runner.js:165453:10)\n    at Promise._settlePromises (http://localhost:41135/__cypress/runner/cypress_runner.js:165528:18)\n    at Async../node_modules/bluebird/js/release/async.js.Async._drainQueue (http://localhost:41135/__cypress/runner/cypress_runner.js:162140:16)\n    at Async../node_modules/bluebird/js/release/async.js.Async._drainQueues (http://localhost:41135/__cypress/runner/cypress_runner.js:162150:10)\n    at Async.drainQueues (http://localhost:41135/__cypress/runner/cypress_runner.js:162024:14)",
                "diff": null
              },
              "uuid": "df6839a5-2cb1-46e1-a426-02aeed180e3e",
              "parentUUID": "459b2c87-b2f8-473f-b4fc-9f2fac68ed93",
              "isHook": false,
              "skipped": false
            },
            {
              "title": "Verifica se após selecionar uma outra cor na paleta, é possível pintar os pixels com essa cor",
              "fullTitle": "8 - Clicar em um pixel dentro do quadro após selecionar uma cor na paleta, faz com que o pixel seja preenchido com a cor selecionada. Verifica se após selecionar uma outra cor na paleta, é possível pintar os pixels com essa cor",
              "timedOut": null,
              "duration": 4312,
              "state": "failed",
              "speed": null,
              "pass": false,
              "fail": true,
              "pending": false,
              "context": null,
              "code": "cy.get('.color').each(function (color) {\n  var backgroundColor = color.css('background-color');\n  cy.wrap(color).click();\n  cy.get('.pixel').each(function (pixel) {\n    cy.wrap(pixel).click().should('have.css', 'background-color', backgroundColor);\n  });\n});",
              "err": {
                "message": "CypressError: Timed out retrying: Expected to find element: '.color', but never found it.",
                "estack": "CypressError: Timed out retrying: Expected to find element: '.color', but never found it.\n    at cypressErr (http://localhost:41135/__cypress/runner/cypress_runner.js:149934:9)\n    at throwErr (http://localhost:41135/__cypress/runner/cypress_runner.js:149867:11)\n    at Object.throwErrByPath (http://localhost:41135/__cypress/runner/cypress_runner.js:149915:3)\n    at retry (http://localhost:41135/__cypress/runner/cypress_runner.js:144197:19)\n    at onFailFn (http://localhost:41135/__cypress/runner/cypress_runner.js:132448:16)\n    at tryCatcher (http://localhost:41135/__cypress/runner/cypress_runner.js:167415:23)\n    at Promise._settlePromiseFromHandler (http://localhost:41135/__cypress/runner/cypress_runner.js:165351:31)\n    at Promise._settlePromise (http://localhost:41135/__cypress/runner/cypress_runner.js:165408:18)\n    at Promise._settlePromise0 (http://localhost:41135/__cypress/runner/cypress_runner.js:165453:10)\n    at Promise._settlePromises (http://localhost:41135/__cypress/runner/cypress_runner.js:165528:18)\n    at Async../node_modules/bluebird/js/release/async.js.Async._drainQueue (http://localhost:41135/__cypress/runner/cypress_runner.js:162140:16)\n    at Async../node_modules/bluebird/js/release/async.js.Async._drainQueues (http://localhost:41135/__cypress/runner/cypress_runner.js:162150:10)\n    at Async.drainQueues (http://localhost:41135/__cypress/runner/cypress_runner.js:162024:14)",
                "diff": null
              },
              "uuid": "16d4d0b9-e820-4328-b0d7-37703e1de9a2",
              "parentUUID": "459b2c87-b2f8-473f-b4fc-9f2fac68ed93",
              "isHook": false,
              "skipped": false
            },
            {
              "title": "Verifica se somente o pixel que foi clicado foi preenchido com a cor selecionada, sem influenciar na cor dos demais pixels.",
              "fullTitle": "8 - Clicar em um pixel dentro do quadro após selecionar uma cor na paleta, faz com que o pixel seja preenchido com a cor selecionada. Verifica se somente o pixel que foi clicado foi preenchido com a cor selecionada, sem influenciar na cor dos demais pixels.",
              "timedOut": null,
              "duration": 4382,
              "state": "failed",
              "speed": null,
              "pass": false,
              "fail": true,
              "pending": false,
              "context": null,
              "code": "var colorToPixelIndexMap = {\n  0: 6,\n  1: 8,\n  2: 16,\n  3: 18\n};\ncy.get('.color').each(function (color, index) {\n  cy.wrap(color).click();\n  var backgroundColor = color.css('background-color');\n  var clickedPixelIndex = colorToPixelIndexMap[index];\n  cy.get('.pixel').eq(clickedPixelIndex).click();\n  cy.get('.pixel').eq(clickedPixelIndex - 1).should('not.have.css', 'background-color', backgroundColor);\n  cy.get('.pixel').eq(clickedPixelIndex + 1).should('not.have.css', 'background-color', backgroundColor);\n  cy.get('.pixel').eq(clickedPixelIndex - 5).should('not.have.css', 'background-color', backgroundColor);\n  cy.get('.pixel').eq(clickedPixelIndex + 5).should('not.have.css', 'background-color', backgroundColor);\n  cy.get('.pixel').eq(clickedPixelIndex - 6).should('not.have.css', 'background-color', backgroundColor);\n  cy.get('.pixel').eq(clickedPixelIndex - 4).should('not.have.css', 'background-color', backgroundColor);\n  cy.get('.pixel').eq(clickedPixelIndex + 4).should('not.have.css', 'background-color', backgroundColor);\n  cy.get('.pixel').eq(clickedPixelIndex + 6).should('not.have.css', 'background-color', backgroundColor);\n});",
              "err": {
                "message": "CypressError: Timed out retrying: Expected to find element: '.color', but never found it.",
                "estack": "CypressError: Timed out retrying: Expected to find element: '.color', but never found it.\n    at cypressErr (http://localhost:41135/__cypress/runner/cypress_runner.js:149934:9)\n    at throwErr (http://localhost:41135/__cypress/runner/cypress_runner.js:149867:11)\n    at Object.throwErrByPath (http://localhost:41135/__cypress/runner/cypress_runner.js:149915:3)\n    at retry (http://localhost:41135/__cypress/runner/cypress_runner.js:144197:19)\n    at onFailFn (http://localhost:41135/__cypress/runner/cypress_runner.js:132448:16)\n    at tryCatcher (http://localhost:41135/__cypress/runner/cypress_runner.js:167415:23)\n    at Promise._settlePromiseFromHandler (http://localhost:41135/__cypress/runner/cypress_runner.js:165351:31)\n    at Promise._settlePromise (http://localhost:41135/__cypress/runner/cypress_runner.js:165408:18)\n    at Promise._settlePromise0 (http://localhost:41135/__cypress/runner/cypress_runner.js:165453:10)\n    at Promise._settlePromises (http://localhost:41135/__cypress/runner/cypress_runner.js:165528:18)\n    at Async../node_modules/bluebird/js/release/async.js.Async._drainQueue (http://localhost:41135/__cypress/runner/cypress_runner.js:162140:16)\n    at Async../node_modules/bluebird/js/release/async.js.Async._drainQueues (http://localhost:41135/__cypress/runner/cypress_runner.js:162150:10)\n    at Async.drainQueues (http://localhost:41135/__cypress/runner/cypress_runner.js:162024:14)",
                "diff": null
              },
              "uuid": "7c7f81e1-831a-42f2-87b9-a7c98e84b677",
              "parentUUID": "459b2c87-b2f8-473f-b4fc-9f2fac68ed93",
              "isHook": false,
              "skipped": false
            }
          ],
          "suites": [],
          "passes": [],
          "failures": [
            "df6839a5-2cb1-46e1-a426-02aeed180e3e",
            "16d4d0b9-e820-4328-b0d7-37703e1de9a2",
            "7c7f81e1-831a-42f2-87b9-a7c98e84b677"
          ],
          "pending": [],
          "skipped": [],
          "duration": 13001,
          "root": false,
          "rootEmpty": false,
          "_timeout": 2000
        },
        {
          "uuid": "4249925a-0803-4e1b-b3e2-18733d601ab2",
          "title": "9 - Crie um botão que, ao ser clicado, limpa o quadro preenchendo a cor de todos seus pixels com branco.",
          "fullFile": "",
          "file": "",
          "beforeHooks": [],
          "afterHooks": [],
          "tests": [
            {
              "title": "Verifica se o botão tem o `id` denominado `clear-board`",
              "fullTitle": "9 - Crie um botão que, ao ser clicado, limpa o quadro preenchendo a cor de todos seus pixels com branco. Verifica se o botão tem o `id` denominado `clear-board`",
              "timedOut": null,
              "duration": 4293,
              "state": "failed",
              "speed": null,
              "pass": false,
              "fail": true,
              "pending": false,
              "context": null,
              "code": "cy.get('#clear-board').should('be.visible');",
              "err": {
                "message": "CypressError: Timed out retrying: Expected to find element: '#clear-board', but never found it.",
                "estack": "CypressError: Timed out retrying: Expected to find element: '#clear-board', but never found it.\n    at cypressErr (http://localhost:41135/__cypress/runner/cypress_runner.js:149934:9)\n    at throwErr (http://localhost:41135/__cypress/runner/cypress_runner.js:149867:11)\n    at Object.throwErrByPath (http://localhost:41135/__cypress/runner/cypress_runner.js:149915:3)\n    at retry (http://localhost:41135/__cypress/runner/cypress_runner.js:144197:19)\n    at onFailFn (http://localhost:41135/__cypress/runner/cypress_runner.js:132448:16)\n    at tryCatcher (http://localhost:41135/__cypress/runner/cypress_runner.js:167415:23)\n    at Promise._settlePromiseFromHandler (http://localhost:41135/__cypress/runner/cypress_runner.js:165351:31)\n    at Promise._settlePromise (http://localhost:41135/__cypress/runner/cypress_runner.js:165408:18)\n    at Promise._settlePromise0 (http://localhost:41135/__cypress/runner/cypress_runner.js:165453:10)\n    at Promise._settlePromises (http://localhost:41135/__cypress/runner/cypress_runner.js:165528:18)\n    at Async../node_modules/bluebird/js/release/async.js.Async._drainQueue (http://localhost:41135/__cypress/runner/cypress_runner.js:162140:16)\n    at Async../node_modules/bluebird/js/release/async.js.Async._drainQueues (http://localhost:41135/__cypress/runner/cypress_runner.js:162150:10)\n    at Async.drainQueues (http://localhost:41135/__cypress/runner/cypress_runner.js:162024:14)",
                "diff": null
              },
              "uuid": "bd36e60c-5c04-4876-9ff5-8f2b3b2cd408",
              "parentUUID": "4249925a-0803-4e1b-b3e2-18733d601ab2",
              "isHook": false,
              "skipped": false
            },
            {
              "title": "Verifica se o botão está posicionado entre a paleta de cores e o quadro de pixels",
              "fullTitle": "9 - Crie um botão que, ao ser clicado, limpa o quadro preenchendo a cor de todos seus pixels com branco. Verifica se o botão está posicionado entre a paleta de cores e o quadro de pixels",
              "timedOut": null,
              "duration": 4459,
              "state": "failed",
              "speed": null,
              "pass": false,
              "fail": true,
              "pending": false,
              "context": null,
              "code": "cy.get('#color-palette').then(function (palette) {\n  cy.get('#clear-board').should('be.belowOf', palette);\n});\ncy.get('#clear-board').then(function (clearBtn) {\n  cy.get('#pixel-board').should('be.belowOf', clearBtn);\n});",
              "err": {
                "message": "CypressError: Timed out retrying: Expected to find element: '#color-palette', but never found it.",
                "estack": "CypressError: Timed out retrying: Expected to find element: '#color-palette', but never found it.\n    at cypressErr (http://localhost:41135/__cypress/runner/cypress_runner.js:149934:9)\n    at throwErr (http://localhost:41135/__cypress/runner/cypress_runner.js:149867:11)\n    at Object.throwErrByPath (http://localhost:41135/__cypress/runner/cypress_runner.js:149915:3)\n    at retry (http://localhost:41135/__cypress/runner/cypress_runner.js:144197:19)\n    at onFailFn (http://localhost:41135/__cypress/runner/cypress_runner.js:132448:16)\n    at tryCatcher (http://localhost:41135/__cypress/runner/cypress_runner.js:167415:23)\n    at Promise._settlePromiseFromHandler (http://localhost:41135/__cypress/runner/cypress_runner.js:165351:31)\n    at Promise._settlePromise (http://localhost:41135/__cypress/runner/cypress_runner.js:165408:18)\n    at Promise._settlePromise0 (http://localhost:41135/__cypress/runner/cypress_runner.js:165453:10)\n    at Promise._settlePromises (http://localhost:41135/__cypress/runner/cypress_runner.js:165528:18)\n    at Async../node_modules/bluebird/js/release/async.js.Async._drainQueue (http://localhost:41135/__cypress/runner/cypress_runner.js:162140:16)\n    at Async../node_modules/bluebird/js/release/async.js.Async._drainQueues (http://localhost:41135/__cypress/runner/cypress_runner.js:162150:10)\n    at Async.drainQueues (http://localhost:41135/__cypress/runner/cypress_runner.js:162024:14)",
                "diff": null
              },
              "uuid": "723f7f51-3a9e-4942-a8f1-ac9118f47b5c",
              "parentUUID": "4249925a-0803-4e1b-b3e2-18733d601ab2",
              "isHook": false,
              "skipped": false
            },
            {
              "title": "Verifica se o texto do botão é 'Limpar'",
              "fullTitle": "9 - Crie um botão que, ao ser clicado, limpa o quadro preenchendo a cor de todos seus pixels com branco. Verifica se o texto do botão é 'Limpar'",
              "timedOut": null,
              "duration": 4296,
              "state": "failed",
              "speed": null,
              "pass": false,
              "fail": true,
              "pending": false,
              "context": null,
              "code": "cy.get('#clear-board').should('contain.text', 'Limpar');",
              "err": {
                "message": "CypressError: Timed out retrying: Expected to find element: '#clear-board', but never found it.",
                "estack": "CypressError: Timed out retrying: Expected to find element: '#clear-board', but never found it.\n    at cypressErr (http://localhost:41135/__cypress/runner/cypress_runner.js:149934:9)\n    at throwErr (http://localhost:41135/__cypress/runner/cypress_runner.js:149867:11)\n    at Object.throwErrByPath (http://localhost:41135/__cypress/runner/cypress_runner.js:149915:3)\n    at retry (http://localhost:41135/__cypress/runner/cypress_runner.js:144197:19)\n    at onFailFn (http://localhost:41135/__cypress/runner/cypress_runner.js:132448:16)\n    at tryCatcher (http://localhost:41135/__cypress/runner/cypress_runner.js:167415:23)\n    at Promise._settlePromiseFromHandler (http://localhost:41135/__cypress/runner/cypress_runner.js:165351:31)\n    at Promise._settlePromise (http://localhost:41135/__cypress/runner/cypress_runner.js:165408:18)\n    at Promise._settlePromise0 (http://localhost:41135/__cypress/runner/cypress_runner.js:165453:10)\n    at Promise._settlePromises (http://localhost:41135/__cypress/runner/cypress_runner.js:165528:18)\n    at Async../node_modules/bluebird/js/release/async.js.Async._drainQueue (http://localhost:41135/__cypress/runner/cypress_runner.js:162140:16)\n    at Async../node_modules/bluebird/js/release/async.js.Async._drainQueues (http://localhost:41135/__cypress/runner/cypress_runner.js:162150:10)\n    at Async.drainQueues (http://localhost:41135/__cypress/runner/cypress_runner.js:162024:14)",
                "diff": null
              },
              "uuid": "c0c7e0ca-0425-4bb0-a8c5-128e8d189ea2",
              "parentUUID": "4249925a-0803-4e1b-b3e2-18733d601ab2",
              "isHook": false,
              "skipped": false
            },
            {
              "title": "Verifica se ao clicar no botão, o quadro de pixels é totalmente preenchido de branco",
              "fullTitle": "9 - Crie um botão que, ao ser clicado, limpa o quadro preenchendo a cor de todos seus pixels com branco. Verifica se ao clicar no botão, o quadro de pixels é totalmente preenchido de branco",
              "timedOut": null,
              "duration": 4281,
              "state": "failed",
              "speed": null,
              "pass": false,
              "fail": true,
              "pending": false,
              "context": null,
              "code": "cy.get('.color').eq(1).then(function (color) {\n  var backgroundColor = color.css('background-color');\n  cy.wrap(color).click();\n  cy.get('.pixel').each(function (pixel) {\n    cy.wrap(pixel).click().should('have.css', 'background-color', backgroundColor);\n  });\n});\ncy.get('#clear-board').click();\ncy.get('.pixel').each(function (pixel) {\n  cy.wrap(pixel).should('have.css', 'background-color', WHITE);\n});",
              "err": {
                "message": "CypressError: Timed out retrying: Expected to find element: '.color', but never found it.",
                "estack": "CypressError: Timed out retrying: Expected to find element: '.color', but never found it.\n    at cypressErr (http://localhost:41135/__cypress/runner/cypress_runner.js:149934:9)\n    at throwErr (http://localhost:41135/__cypress/runner/cypress_runner.js:149867:11)\n    at Object.throwErrByPath (http://localhost:41135/__cypress/runner/cypress_runner.js:149915:3)\n    at retry (http://localhost:41135/__cypress/runner/cypress_runner.js:144197:19)\n    at onFailFn (http://localhost:41135/__cypress/runner/cypress_runner.js:132448:16)\n    at tryCatcher (http://localhost:41135/__cypress/runner/cypress_runner.js:167415:23)\n    at Promise._settlePromiseFromHandler (http://localhost:41135/__cypress/runner/cypress_runner.js:165351:31)\n    at Promise._settlePromise (http://localhost:41135/__cypress/runner/cypress_runner.js:165408:18)\n    at Promise._settlePromise0 (http://localhost:41135/__cypress/runner/cypress_runner.js:165453:10)\n    at Promise._settlePromises (http://localhost:41135/__cypress/runner/cypress_runner.js:165528:18)\n    at Async../node_modules/bluebird/js/release/async.js.Async._drainQueue (http://localhost:41135/__cypress/runner/cypress_runner.js:162140:16)\n    at Async../node_modules/bluebird/js/release/async.js.Async._drainQueues (http://localhost:41135/__cypress/runner/cypress_runner.js:162150:10)\n    at Async.drainQueues (http://localhost:41135/__cypress/runner/cypress_runner.js:162024:14)",
                "diff": null
              },
              "uuid": "b49e1294-85e8-4e04-9f4b-33110cf48873",
              "parentUUID": "4249925a-0803-4e1b-b3e2-18733d601ab2",
              "isHook": false,
              "skipped": false
            }
          ],
          "suites": [],
          "passes": [],
          "failures": [
            "bd36e60c-5c04-4876-9ff5-8f2b3b2cd408",
            "723f7f51-3a9e-4942-a8f1-ac9118f47b5c",
[...]
                "diff": null
              },
              "uuid": "a93492fc-44e1-46a9-b975-df1f9b3f2f80",
              "parentUUID": "91a9a64e-2463-4e74-9c1b-8ac4f9d65890",
              "isHook": false,
              "skipped": false
            },
            {
              "title": "Verifica se o novo quadro tem todos os pixels preenchidos com a cor branca",
              "fullTitle": "10 - Faça o quadro de pixels ter seu tamanho definido pelo usuário. Verifica se o novo quadro tem todos os pixels preenchidos com a cor branca",
              "timedOut": null,
              "duration": 4347,
              "state": "failed",
              "speed": null,
              "pass": false,
              "fail": true,
              "pending": false,
              "context": null,
              "code": "cy.get('#board-size').clear().type(6);\ncy.get('#generate-board').click();\ncy.get('.pixel').should('have.length', 36).each(function (pixel) {\n  expect(pixel).to.have.css('background-color', WHITE);\n});",
              "err": {
                "message": "CypressError: Timed out retrying: Expected to find element: '#board-size', but never found it.",
                "estack": "CypressError: Timed out retrying: Expected to find element: '#board-size', but never found it.\n    at cypressErr (http://localhost:41135/__cypress/runner/cypress_runner.js:149934:9)\n    at throwErr (http://localhost:41135/__cypress/runner/cypress_runner.js:149867:11)\n    at Object.throwErrByPath (http://localhost:41135/__cypress/runner/cypress_runner.js:149915:3)\n    at retry (http://localhost:41135/__cypress/runner/cypress_runner.js:144197:19)\n    at onFailFn (http://localhost:41135/__cypress/runner/cypress_runner.js:132448:16)\n    at tryCatcher (http://localhost:41135/__cypress/runner/cypress_runner.js:167415:23)\n    at Promise._settlePromiseFromHandler (http://localhost:41135/__cypress/runner/cypress_runner.js:165351:31)\n    at Promise._settlePromise (http://localhost:41135/__cypress/runner/cypress_runner.js:165408:18)\n    at Promise._settlePromise0 (http://localhost:41135/__cypress/runner/cypress_runner.js:165453:10)\n    at Promise._settlePromises (http://localhost:41135/__cypress/runner/cypress_runner.js:165528:18)\n    at Async../node_modules/bluebird/js/release/async.js.Async._drainQueue (http://localhost:41135/__cypress/runner/cypress_runner.js:162140:16)\n    at Async../node_modules/bluebird/js/release/async.js.Async._drainQueues (http://localhost:41135/__cypress/runner/cypress_runner.js:162150:10)\n    at Async.drainQueues (http://localhost:41135/__cypress/runner/cypress_runner.js:162024:14)",
                "diff": null
              },
              "uuid": "31481bb2-fc08-46e4-b20c-0e3030216514",
              "parentUUID": "91a9a64e-2463-4e74-9c1b-8ac4f9d65890",
              "isHook": false,
              "skipped": false
            }
          ],
          "suites": [],
          "passes": [],
          "failures": [
            "6cb9f437-d978-406f-b956-d8f142f58c5f",
            "1403bc59-80e0-43d4-a930-9246039f3ecf",
            "3117f730-44b0-4181-ac35-b0f4d5d71d86",
            "6a0dd9f3-530f-49f4-88c5-f39c1fac97cc",
            "6953ce78-1c7f-401b-a860-3dc5274e330e",
            "2605d80f-7fb5-4482-87c2-a18eefe9108f",
            "305257d4-31ae-469e-af7f-97bc05e52d3d",
            "a93492fc-44e1-46a9-b975-df1f9b3f2f80",
            "31481bb2-fc08-46e4-b20c-0e3030216514"
          ],
          "pending": [],
          "skipped": [],
          "duration": 38872,
          "root": false,
          "rootEmpty": false,
          "_timeout": 2000
        },
        {
          "uuid": "da84a716-fc7e-4593-9448-bc9344c10f57",
          "title": "11 - Limite o tamanho mínimo e máximo do board.",
          "fullFile": "",
          "file": "",
          "beforeHooks": [],
          "afterHooks": [],
          "tests": [
            {
              "title": "Verifica se a altura máxima do board é 50",
              "fullTitle": "11 - Limite o tamanho mínimo e máximo do board. Verifica se a altura máxima do board é 50",
              "timedOut": null,
              "duration": 4293,
              "state": "failed",
              "speed": null,
              "pass": false,
              "fail": true,
              "pending": false,
              "context": null,
              "code": "cy.get('#board-size').clear().type(50);\ncy.get('#generate-board').click();\ncy.get('.pixel').should('have.length', 2500);",
              "err": {
                "message": "CypressError: Timed out retrying: Expected to find element: '#board-size', but never found it.",
                "estack": "CypressError: Timed out retrying: Expected to find element: '#board-size', but never found it.\n    at cypressErr (http://localhost:41135/__cypress/runner/cypress_runner.js:149934:9)\n    at throwErr (http://localhost:41135/__cypress/runner/cypress_runner.js:149867:11)\n    at Object.throwErrByPath (http://localhost:41135/__cypress/runner/cypress_runner.js:149915:3)\n    at retry (http://localhost:41135/__cypress/runner/cypress_runner.js:144197:19)\n    at onFailFn (http://localhost:41135/__cypress/runner/cypress_runner.js:132448:16)\n    at tryCatcher (http://localhost:41135/__cypress/runner/cypress_runner.js:167415:23)\n    at Promise._settlePromiseFromHandler (http://localhost:41135/__cypress/runner/cypress_runner.js:165351:31)\n    at Promise._settlePromise (http://localhost:41135/__cypress/runner/cypress_runner.js:165408:18)\n    at Promise._settlePromise0 (http://localhost:41135/__cypress/runner/cypress_runner.js:165453:10)\n    at Promise._settlePromises (http://localhost:41135/__cypress/runner/cypress_runner.js:165528:18)\n    at Async../node_modules/bluebird/js/release/async.js.Async._drainQueue (http://localhost:41135/__cypress/runner/cypress_runner.js:162140:16)\n    at Async../node_modules/bluebird/js/release/async.js.Async._drainQueues (http://localhost:41135/__cypress/runner/cypress_runner.js:162150:10)\n    at Async.drainQueues (http://localhost:41135/__cypress/runner/cypress_runner.js:162024:14)",
                "diff": null
              },
              "uuid": "5c5eb639-379b-47d6-ad18-1b7659735c5a",
              "parentUUID": "da84a716-fc7e-4593-9448-bc9344c10f57",
              "isHook": false,
              "skipped": false
            },
            {
              "title": "Verifica se a altura do board é 5 quando um valor menor é colocado no input",
              "fullTitle": "11 - Limite o tamanho mínimo e máximo do board. Verifica se a altura do board é 5 quando um valor menor é colocado no input",
              "timedOut": null,
              "duration": 4284,
              "state": "failed",
              "speed": null,
              "pass": false,
              "fail": true,
              "pending": false,
              "context": null,
              "code": "cy.get('#board-size').clear().type(4);\ncy.get('#generate-board').click();\ncy.get('.pixel').should('have.length', 25);",
              "err": {
                "message": "CypressError: Timed out retrying: Expected to find element: '#board-size', but never found it.",
                "estack": "CypressError: Timed out retrying: Expected to find element: '#board-size', but never found it.\n    at cypressErr (http://localhost:41135/__cypress/runner/cypress_runner.js:149934:9)\n    at throwErr (http://localhost:41135/__cypress/runner/cypress_runner.js:149867:11)\n    at Object.throwErrByPath (http://localhost:41135/__cypress/runner/cypress_runner.js:149915:3)\n    at retry (http://localhost:41135/__cypress/runner/cypress_runner.js:144197:19)\n    at onFailFn (http://localhost:41135/__cypress/runner/cypress_runner.js:132448:16)\n    at tryCatcher (http://localhost:41135/__cypress/runner/cypress_runner.js:167415:23)\n    at Promise._settlePromiseFromHandler (http://localhost:41135/__cypress/runner/cypress_runner.js:165351:31)\n    at Promise._settlePromise (http://localhost:41135/__cypress/runner/cypress_runner.js:165408:18)\n    at Promise._settlePromise0 (http://localhost:41135/__cypress/runner/cypress_runner.js:165453:10)\n    at Promise._settlePromises (http://localhost:41135/__cypress/runner/cypress_runner.js:165528:18)\n    at Async../node_modules/bluebird/js/release/async.js.Async._drainQueue (http://localhost:41135/__cypress/runner/cypress_runner.js:162140:16)\n    at Async../node_modules/bluebird/js/release/async.js.Async._drainQueues (http://localhost:41135/__cypress/runner/cypress_runner.js:162150:10)\n    at Async.drainQueues (http://localhost:41135/__cypress/runner/cypress_runner.js:162024:14)",
                "diff": null
              },
              "uuid": "8a03f34c-ce34-4a55-8df3-85186568c0ba",
              "parentUUID": "da84a716-fc7e-4593-9448-bc9344c10f57",
              "isHook": false,
              "skipped": false
            },
            {
              "title": "Verifica se a altura do board é 50 quando um valor maior é colocado no input",
              "fullTitle": "11 - Limite o tamanho mínimo e máximo do board. Verifica se a altura do board é 50 quando um valor maior é colocado no input",
              "timedOut": null,
              "duration": 4390,
              "state": "failed",
              "speed": null,
              "pass": false,
              "fail": true,
              "pending": false,
              "context": null,
              "code": "cy.get('#board-size').clear().type(51);\ncy.get('#generate-board').click();\ncy.get('.pixel').should('have.length', 2500);",
              "err": {
                "message": "CypressError: Timed out retrying: Expected to find element: '#board-size', but never found it.",
                "estack": "CypressError: Timed out retrying: Expected to find element: '#board-size', but never found it.\n    at cypressErr (http://localhost:41135/__cypress/runner/cypress_runner.js:149934:9)\n    at throwErr (http://localhost:41135/__cypress/runner/cypress_runner.js:149867:11)\n    at Object.throwErrByPath (http://localhost:41135/__cypress/runner/cypress_runner.js:149915:3)\n    at retry (http://localhost:41135/__cypress/runner/cypress_runner.js:144197:19)\n    at onFailFn (http://localhost:41135/__cypress/runner/cypress_runner.js:132448:16)\n    at tryCatcher (http://localhost:41135/__cypress/runner/cypress_runner.js:167415:23)\n    at Promise._settlePromiseFromHandler (http://localhost:41135/__cypress/runner/cypress_runner.js:165351:31)\n    at Promise._settlePromise (http://localhost:41135/__cypress/runner/cypress_runner.js:165408:18)\n    at Promise._settlePromise0 (http://localhost:41135/__cypress/runner/cypress_runner.js:165453:10)\n    at Promise._settlePromises (http://localhost:41135/__cypress/runner/cypress_runner.js:165528:18)\n    at Async../node_modules/bluebird/js/release/async.js.Async._drainQueue (http://localhost:41135/__cypress/runner/cypress_runner.js:162140:16)\n    at Async../node_modules/bluebird/js/release/async.js.Async._drainQueues (http://localhost:41135/__cypress/runner/cypress_runner.js:162150:10)\n    at Async.drainQueues (http://localhost:41135/__cypress/runner/cypress_runner.js:162024:14)",
                "diff": null
              },
              "uuid": "f6509248-45c7-4389-aaff-c70fd2729672",
              "parentUUID": "da84a716-fc7e-4593-9448-bc9344c10f57",
              "isHook": false,
              "skipped": false
            }
          ],
          "suites": [],
          "passes": [],
          "failures": [
            "5c5eb639-379b-47d6-ad18-1b7659735c5a",
            "8a03f34c-ce34-4a55-8df3-85186568c0ba",
            "f6509248-45c7-4389-aaff-c70fd2729672"
          ],
          "pending": [],
          "skipped": [],
          "duration": 12967,
          "root": false,
          "rootEmpty": false,
          "_timeout": 2000
        },
        {
          "uuid": "9e0e53bd-4559-41ea-8727-351854f2eb49",
          "title": "12 - Faça com que as cores da paleta sejam geradas aleatoriamente ao carregar a página.",
          "fullFile": "",
          "file": "",
          "beforeHooks": [],
          "afterHooks": [],
          "tests": [
            {
              "title": "Verifica se as cores geradas na paleta são diferentes a cada carregamento da página",
              "fullTitle": "12 - Faça com que as cores da paleta sejam geradas aleatoriamente ao carregar a página. Verifica se as cores geradas na paleta são diferentes a cada carregamento da página",
              "timedOut": null,
              "duration": 4288,
              "state": "failed",
              "speed": null,
              "pass": false,
              "fail": true,
              "pending": false,
              "context": null,
              "code": "cy.get('.color').then(function (colors) {\n  var currentColors;\n  var previousColors;\n  previousColors = Array.from(colors).map(function (color) {\n    return Cypress.$(color).css('background-color');\n  });\n  for (var i = 0; i < 5; i += 1) {\n    cy.reload();\n    cy.get('.color').then(function (colors) {\n      currentColors = Array.from(colors).map(function (color) {\n        return Cypress.$(color).css('background-color');\n      });\n      expect(currentColors).not.to.deep.equal(previousColors);\n      previousColors = currentColors;\n    });\n  }\n});",
              "err": {
                "message": "CypressError: Timed out retrying: Expected to find element: '.color', but never found it.",
                "estack": "CypressError: Timed out retrying: Expected to find element: '.color', but never found it.\n    at cypressErr (http://localhost:41135/__cypress/runner/cypress_runner.js:149934:9)\n    at throwErr (http://localhost:41135/__cypress/runner/cypress_runner.js:149867:11)\n    at Object.throwErrByPath (http://localhost:41135/__cypress/runner/cypress_runner.js:149915:3)\n    at retry (http://localhost:41135/__cypress/runner/cypress_runner.js:144197:19)\n    at onFailFn (http://localhost:41135/__cypress/runner/cypress_runner.js:132448:16)\n    at tryCatcher (http://localhost:41135/__cypress/runner/cypress_runner.js:167415:23)\n    at Promise._settlePromiseFromHandler (http://localhost:41135/__cypress/runner/cypress_runner.js:165351:31)\n    at Promise._settlePromise (http://localhost:41135/__cypress/runner/cypress_runner.js:165408:18)\n    at Promise._settlePromise0 (http://localhost:41135/__cypress/runner/cypress_runner.js:165453:10)\n    at Promise._settlePromises (http://localhost:41135/__cypress/runner/cypress_runner.js:165528:18)\n    at Async../node_modules/bluebird/js/release/async.js.Async._drainQueue (http://localhost:41135/__cypress/runner/cypress_runner.js:162140:16)\n    at Async../node_modules/bluebird/js/release/async.js.Async._drainQueues (http://localhost:41135/__cypress/runner/cypress_runner.js:162150:10)\n    at Async.drainQueues (http://localhost:41135/__cypress/runner/cypress_runner.js:162024:14)",
                "diff": null
              },
              "uuid": "9cdc5224-63df-433d-a7dc-7fcb602d7c8e",
              "parentUUID": "9e0e53bd-4559-41ea-8727-351854f2eb49",
              "isHook": false,
              "skipped": false
            },
            {
              "title": "Verifica se a cor preta ainda está presente e é a primeira na sua paleta de cores",
              "fullTitle": "12 - Faça com que as cores da paleta sejam geradas aleatoriamente ao carregar a página. Verifica se a cor preta ainda está presente e é a primeira na sua paleta de cores",
              "timedOut": null,
              "duration": 4312,
              "state": "failed",
              "speed": null,
              "pass": false,
              "fail": true,
              "pending": false,
              "context": null,
              "code": "cy.get('.color').then(function (colors) {\n  var currentColors;\n  var previousColors;\n  previousColors = Array.from(colors).map(function (color) {\n    return Cypress.$(color).css('background-color');\n  });\n  expect(previousColors[0]).to.eq(BLACK);\n  for (var i = 0; i < 5; i += 1) {\n    cy.reload();\n    cy.get('.color').then(function (colors) {\n      currentColors = Array.from(colors).map(function (color) {\n        return Cypress.$(color).css('background-color');\n      });\n      expect(currentColors[0]).to.eq(BLACK);\n      expect(currentColors).not.to.deep.equal(previousColors);\n      previousColors = currentColors;\n    });\n  }\n});",
              "err": {
                "message": "CypressError: Timed out retrying: Expected to find element: '.color', but never found it.",
                "estack": "CypressError: Timed out retrying: Expected to find element: '.color', but never found it.\n    at cypressErr (http://localhost:41135/__cypress/runner/cypress_runner.js:149934:9)\n    at throwErr (http://localhost:41135/__cypress/runner/cypress_runner.js:149867:11)\n    at Object.throwErrByPath (http://localhost:41135/__cypress/runner/cypress_runner.js:149915:3)\n    at retry (http://localhost:41135/__cypress/runner/cypress_runner.js:144197:19)\n    at onFailFn (http://localhost:41135/__cypress/runner/cypress_runner.js:132448:16)\n    at tryCatcher (http://localhost:41135/__cypress/runner/cypress_runner.js:167415:23)\n    at Promise._settlePromiseFromHandler (http://localhost:41135/__cypress/runner/cypress_runner.js:165351:31)\n    at Promise._settlePromise (http://localhost:41135/__cypress/runner/cypress_runner.js:165408:18)\n    at Promise._settlePromise0 (http://localhost:41135/__cypress/runner/cypress_runner.js:165453:10)\n    at Promise._settlePromises (http://localhost:41135/__cypress/runner/cypress_runner.js:165528:18)\n    at Async../node_modules/bluebird/js/release/async.js.Async._drainQueue (http://localhost:41135/__cypress/runner/cypress_runner.js:162140:16)\n    at Async../node_modules/bluebird/js/release/async.js.Async._drainQueues (http://localhost:41135/__cypress/runner/cypress_runner.js:162150:10)\n    at Async.drainQueues (http://localhost:41135/__cypress/runner/cypress_runner.js:162024:14)",
                "diff": null
              },
              "uuid": "193b7d1d-1a74-40cf-af25-ae4da381793e",
              "parentUUID": "9e0e53bd-4559-41ea-8727-351854f2eb49",
              "isHook": false,
              "skipped": false
            }
          ],
          "suites": [],
          "passes": [],
          "failures": [
            "9cdc5224-63df-433d-a7dc-7fcb602d7c8e",
            "193b7d1d-1a74-40cf-af25-ae4da381793e"
          ],
          "pending": [],
          "skipped": [],
          "duration": 8600,
          "root": false,
          "rootEmpty": false,
          "_timeout": 2000
        }
      ],
      "passes": [],
      "failures": [],
      "pending": [],
      "skipped": [],
      "duration": 0,
      "root": true,
      "rootEmpty": true,
      "_timeout": 2000
    }
  ],
  "meta": {
    "mocha": {
      "version": "7.0.1"
    },
    "mochawesome": {
      "options": {
        "quiet": false,
        "reportFilename": "mochawesome",
        "saveHtml": false,
        "saveJson": true,
        "consoleReporter": "spec",
        "useInlineDiffs": false
      },
      "version": "4.1.0"
    },
    "marge": {
      "options": {
        "id": "default",
        "reportDir": "cypress/reports",
        "overwrite": true,
        "html": false,
        "json": true
      },
      "version": "4.1.0"
    }
  }
}